[colorlib.com/etc/lf/Login_v18/index.html]
[backblue.gif]
[fade.gif]
[index.html]
[colorlib.com/etc/lf/Login_v18/images/icons/favicon.ico]
[colorlib.com/etc/lf/Login_v18/vendor/bootstrap/css/bootstrap.min.css]
[colorlib.com/etc/lf/Login_v18/fonts/font-awesome-4.7.0/css/font-awesome.min.css]
[colorlib.com/etc/lf/Login_v18/fonts/Linearicons-Free-v1.0.0/icon-font.min.css]
[colorlib.com/etc/lf/Login_v18/vendor/animate/animate.css]
[colorlib.com/etc/lf/Login_v18/vendor/css-hamburgers/hamburgers.min.css]
[colorlib.com/etc/lf/Login_v18/vendor/animsition/css/animsition.min.css]
[colorlib.com/etc/lf/Login_v18/vendor/select2/select2.min.css]
[colorlib.com/etc/lf/Login_v18/vendor/daterangepicker/daterangepicker.css]
[colorlib.com/etc/lf/Login_v18/css/util.css]
[colorlib.com/etc/lf/Login_v18/css/main.css]
[colorlib.com/etc/lf/Login_v18/images/bg-01.jpg]
[colorlib.com/etc/lf/Login_v18/vendor/jquery/jquery-3.2.1.min.js]
[colorlib.com/etc/lf/Login_v18/vendor/animsition/js/animsition.min.js]
[colorlib.com/etc/lf/Login_v18/vendor/bootstrap/js/popper.js]
[colorlib.com/etc/lf/Login_v18/vendor/bootstrap/js/bootstrap.min.js]
[colorlib.com/etc/lf/Login_v18/vendor/select2/select2.min.js]
[colorlib.com/etc/lf/Login_v18/vendor/daterangepicker/moment.min.js]
[colorlib.com/etc/lf/Login_v18/vendor/daterangepicker/daterangepicker.js]
[colorlib.com/etc/lf/Login_v18/vendor/countdowntime/countdowntime.js]
[colorlib.com/etc/lf/Login_v18/index.html]
[colorlib.com/etc/lf/Login_v18/vendor/bootstrap/css/bootstrap.min.css]
[colorlib.com/etc/lf/Login_v18/js/main.js]
[colorlib.com/etc/lf/Login_v18/fonts/font-awesome-4.7.0/fonts/fontawesome-webfont3e6e.eot]
[colorlib.com/etc/lf/Login_v18/fonts/font-awesome-4.7.0/fonts/fontawesome-webfontd41d.eot]
[colorlib.com/etc/lf/Login_v18/fonts/font-awesome-4.7.0/fonts/fontawesome-webfont3e6e.woff2]
[colorlib.com/etc/lf/Login_v18/fonts/font-awesome-4.7.0/fonts/fontawesome-webfont3e6e.woff]
[colorlib.com/etc/lf/Login_v18/fonts/font-awesome-4.7.0/fonts/fontawesome-webfont3e6e.ttf]
[colorlib.com/etc/lf/Login_v18/fonts/font-awesome-4.7.0/css/font-awesome.min.css]
[colorlib.com/etc/lf/Login_v18/fonts/Linearicons-Free-v1.0.0/icon-font.min.css]
[colorlib.com/etc/lf/Login_v18/vendor/animate/animate.css]
[colorlib.com/etc/lf/Login_v18/vendor/css-hamburgers/hamburgers.min.css]
[colorlib.com/etc/lf/Login_v18/vendor/animsition/css/animsition.min.css]
[colorlib.com/etc/lf/Login_v18/vendor/select2/select2.min.css]
[colorlib.com/etc/lf/Login_v18/vendor/daterangepicker/daterangepicker.css]
[colorlib.com/etc/lf/Login_v18/css/util.css]
[colorlib.com/etc/lf/Login_v18/fonts/font-awesome-4.7.0/fonts/fontawesome-webfont3e6e.svg]
[colorlib.com/etc/lf/Login_v18/fonts/poppins/Poppins-Regular.ttf]
[colorlib.com/etc/lf/Login_v18/fonts/poppins/Poppins-Medium.ttf]
[colorlib.com/etc/lf/Login_v18/fonts/poppins/Poppins-Bold.ttf]
[colorlib.com/etc/lf/Login_v18/fonts/poppins/Poppins-SemiBold.ttf]
[colorlib.com/etc/lf/Login_v18/fonts/montserrat/Montserrat-Bold.ttf]
[colorlib.com/etc/lf/Login_v18/fonts/montserrat/Montserrat-SemiBold.ttf]
[colorlib.com/etc/lf/Login_v18/fonts/montserrat/Montserrat-Regular.ttf]
[colorlib.com/etc/lf/Login_v18/css/main.css]
[colorlib.com/cdn-cgi/zaraz/sd0d9.js]
[colorlib.com/etc/lf/Login_v18/fonts/font-awesome-4.7.0/fonts/fontawesome-webfont3e6e.svg]
